# JRE version: Java(TM) SE Runtime Environment (8.0_231-b11) (build 1.8.0_231-b11)
# Java VM: Java HotSpot(TM) 64-Bit Server VM (25.231-b11 mixed mode windows-amd64 compressed oops)
Heap:
 PSYoungGen      total 124928K, used 25265K [0x00000000d5d00000, 0x00000000de280000, 0x0000000100000000)
  eden space 118272K, 15% used [0x00000000d5d00000,0x00000000d6f33ce8,0x00000000dd080000)
  from space 6656K, 99% used [0x00000000ddc00000,0x00000000de278968,0x00000000de280000)
  to   space 9216K, 0% used [0x00000000dd080000,0x00000000dd080000,0x00000000dd980000)
 ParOldGen       total 49152K, used 21627K [0x0000000081600000, 0x0000000084600000, 0x00000000d5d00000)
  object space 49152K, 44% used [0x0000000081600000,0x0000000082b1ec70,0x0000000084600000)
 Metaspace       used 44805K, capacity 46999K, committed 47360K, reserved 1089536K
  class space    used 6174K, capacity 6577K, committed 6656K, reserved 1048576K
GC Heap History (10 events):
Event: 11.143 GC heap before
{Heap before GC invocations=8 (full 1):
 PSYoungGen      total 75776K, used 66560K [0x00000000d5d00000, 0x00000000db000000, 0x0000000100000000)
  eden space 66560K, 100% used [0x00000000d5d00000,0x00000000d9e00000,0x00000000d9e00000)
  from space 9216K, 0% used [0x00000000da700000,0x00000000da700000,0x00000000db000000)
  to   space 9216K, 0% used [0x00000000d9e00000,0x00000000d9e00000,0x00000000da700000)
 ParOldGen       total 49152K, used 6410K [0x0000000081600000, 0x0000000084600000, 0x00000000d5d00000)
  object space 49152K, 13% used [0x0000000081600000,0x0000000081c429f0,0x0000000084600000)
 Metaspace       used 24833K, capacity 26665K, committed 26880K, reserved 1073152K
  class space    used 3455K, capacity 3809K, committed 3840K, reserved 1048576K
Event: 11.159 GC heap after
Heap after GC invocations=8 (full 1):
 PSYoungGen      total 75776K, used 7416K [0x00000000d5d00000, 0x00000000de500000, 0x0000000100000000)
  eden space 66560K, 0% used [0x00000000d5d00000,0x00000000d5d00000,0x00000000d9e00000)
  from space 9216K, 80% used [0x00000000d9e00000,0x00000000da53e318,0x00000000da700000)
  to   space 9216K, 0% used [0x00000000ddc00000,0x00000000ddc00000,0x00000000de500000)
 ParOldGen       total 49152K, used 6418K [0x0000000081600000, 0x0000000084600000, 0x00000000d5d00000)
  object space 49152K, 13% used [0x0000000081600000,0x0000000081c449f0,0x0000000084600000)
 Metaspace       used 24833K, capacity 26665K, committed 26880K, reserved 1073152K
  class space    used 3455K, capacity 3809K, committed 3840K, reserved 1048576K
}
Event: 12.904 GC heap before
{Heap before GC invocations=9 (full 1):
 PSYoungGen      total 75776K, used 73976K [0x00000000d5d00000, 0x00000000de500000, 0x0000000100000000)
  eden space 66560K, 100% used [0x00000000d5d00000,0x00000000d9e00000,0x00000000d9e00000)
  from space 9216K, 80% used [0x00000000d9e00000,0x00000000da53e318,0x00000000da700000)
  to   space 9216K, 0% used [0x00000000ddc00000,0x00000000ddc00000,0x00000000de500000)
 ParOldGen       total 49152K, used 6418K [0x0000000081600000, 0x0000000084600000, 0x00000000d5d00000)
  object space 49152K, 13% used [0x0000000081600000,0x0000000081c449f0,0x0000000084600000)
 Metaspace       used 27014K, capacity 28893K, committed 29184K, reserved 1075200K
  class space    used 3689K, capacity 4049K, committed 4096K, reserved 1048576K
Event: 12.918 GC heap after
Heap after GC invocations=9 (full 1):
 PSYoungGen      total 124928K, used 6215K [0x00000000d5d00000, 0x00000000de280000, 0x0000000100000000)
  eden space 118272K, 0% used [0x00000000d5d00000,0x00000000d5d00000,0x00000000dd080000)
  from space 6656K, 93% used [0x00000000ddc00000,0x00000000de211d60,0x00000000de280000)
  to   space 9216K, 0% used [0x00000000dd080000,0x00000000dd080000,0x00000000dd980000)
 ParOldGen       total 49152K, used 6426K [0x0000000081600000, 0x0000000084600000, 0x00000000d5d00000)
  object space 49152K, 13% used [0x0000000081600000,0x0000000081c469f0,0x0000000084600000)
 Metaspace       used 27014K, capacity 28893K, committed 29184K, reserved 1075200K
  class space    used 3689K, capacity 4049K, committed 4096K, reserved 1048576K
}
Event: 14.091 GC heap before
{Heap before GC invocations=10 (full 1):
 PSYoungGen      total 124928K, used 78839K [0x00000000d5d00000, 0x00000000de280000, 0x0000000100000000)
  eden space 118272K, 61% used [0x00000000d5d00000,0x00000000da3ec028,0x00000000dd080000)
  from space 6656K, 93% used [0x00000000ddc00000,0x00000000de211d60,0x00000000de280000)
  to   space 9216K, 0% used [0x00000000dd080000,0x00000000dd080000,0x00000000dd980000)
 ParOldGen       total 49152K, used 6426K [0x0000000081600000, 0x0000000084600000, 0x00000000d5d00000)
  object space 49152K, 13% used [0x0000000081600000,0x0000000081c469f0,0x0000000084600000)
 Metaspace       used 33359K, capacity 35309K, committed 35496K, reserved 1079296K
  class space    used 4381K, capacity 4747K, committed 4864K, reserved 1048576K
Event: 14.109 GC heap after
Heap after GC invocations=10 (full 1):
 PSYoungGen      total 127488K, used 9184K [0x00000000d5d00000, 0x00000000de280000, 0x0000000100000000)
  eden space 118272K, 0% used [0x00000000d5d00000,0x00000000d5d00000,0x00000000dd080000)
  from space 9216K, 99% used [0x00000000dd080000,0x00000000dd9781d0,0x00000000dd980000)
  to   space 6656K, 0% used [0x00000000ddc00000,0x00000000ddc00000,0x00000000de280000)
 ParOldGen       total 49152K, used 8300K [0x0000000081600000, 0x0000000084600000, 0x00000000d5d00000)
  object space 49152K, 16% used [0x0000000081600000,0x0000000081e1b020,0x0000000084600000)
 Metaspace       used 33359K, capacity 35309K, committed 35496K, reserved 1079296K
  class space    used 4381K, capacity 4747K, committed 4864K, reserved 1048576K
}
Event: 14.109 GC heap before
{Heap before GC invocations=11 (full 2):
 PSYoungGen      total 127488K, used 9184K [0x00000000d5d00000, 0x00000000de280000, 0x0000000100000000)
  eden space 118272K, 0% used [0x00000000d5d00000,0x00000000d5d00000,0x00000000dd080000)
  from space 9216K, 99% used [0x00000000dd080000,0x00000000dd9781d0,0x00000000dd980000)
  to   space 6656K, 0% used [0x00000000ddc00000,0x00000000ddc00000,0x00000000de280000)
 ParOldGen       total 49152K, used 8300K [0x0000000081600000, 0x0000000084600000, 0x00000000d5d00000)
  object space 49152K, 16% used [0x0000000081600000,0x0000000081e1b020,0x0000000084600000)
 Metaspace       used 33359K, capacity 35309K, committed 35496K, reserved 1079296K
  class space    used 4381K, capacity 4747K, committed 4864K, reserved 1048576K
Event: 15.240 GC heap after
Heap after GC invocations=11 (full 2):
 PSYoungGen      total 127488K, used 0K [0x00000000d5d00000, 0x00000000de280000, 0x0000000100000000)
  eden space 118272K, 0% used [0x00000000d5d00000,0x00000000d5d00000,0x00000000dd080000)
  from space 9216K, 0% used [0x00000000dd080000,0x00000000dd080000,0x00000000dd980000)
  to   space 6656K, 0% used [0x00000000ddc00000,0x00000000ddc00000,0x00000000de280000)
 ParOldGen       total 49152K, used 16677K [0x0000000081600000, 0x0000000084600000, 0x00000000d5d00000)
  object space 49152K, 33% used [0x0000000081600000,0x00000000826495a8,0x0000000084600000)
 Metaspace       used 33359K, capacity 35309K, committed 35496K, reserved 1079296K
  class space    used 4381K, capacity 4747K, committed 4864K, reserved 1048576K
}
Event: 18.353 GC heap before
{Heap before GC invocations=12 (full 2):
 PSYoungGen      total 127488K, used 118272K [0x00000000d5d00000, 0x00000000de280000, 0x0000000100000000)
  eden space 118272K, 100% used [0x00000000d5d00000,0x00000000dd080000,0x00000000dd080000)
  from space 9216K, 0% used [0x00000000dd080000,0x00000000dd080000,0x00000000dd980000)
  to   space 6656K, 0% used [0x00000000ddc00000,0x00000000ddc00000,0x00000000de280000)
 ParOldGen       total 49152K, used 16677K [0x0000000081600000, 0x0000000084600000, 0x00000000d5d00000)
  object space 49152K, 33% used [0x0000000081600000,0x00000000826495a8,0x0000000084600000)
 Metaspace       used 44044K, capacity 46281K, committed 46464K, reserved 1089536K
  class space    used 6082K, capacity 6510K, committed 6528K, reserved 1048576K
Event: 18.366 GC heap after
Heap after GC invocations=12 (full 2):
 PSYoungGen      total 124928K, used 6626K [0x00000000d5d00000, 0x00000000de280000, 0x0000000100000000)
  eden space 118272K, 0% used [0x00000000d5d00000,0x00000000d5d00000,0x00000000dd080000)
  from space 6656K, 99% used [0x00000000ddc00000,0x00000000de278968,0x00000000de280000)
  to   space 9216K, 0% used [0x00000000dd080000,0x00000000dd080000,0x00000000dd980000)
 ParOldGen       total 49152K, used 21627K [0x0000000081600000, 0x0000000084600000, 0x00000000d5d00000)
  object space 49152K, 44% used [0x0000000081600000,0x0000000082b1ec70,0x0000000084600000)
 Metaspace       used 44044K, capacity 46281K, committed 46464K, reserved 1089536K
  class space    used 6082K, capacity 6510K, committed 6528K, reserved 1048576K
}

