# JRE version: Java(TM) SE Runtime Environment (8.0_231-b11) (build 1.8.0_231-b11)
# Java VM: Java HotSpot(TM) 64-Bit Server VM (25.231-b11 mixed mode windows-amd64 compressed oops)
Heap:
 PSYoungGen      total 167424K, used 27160K [0x00000000d5d00000, 0x00000000e1e80000, 0x0000000100000000)
  eden space 156672K, 17% used [0x00000000d5d00000,0x00000000d7786050,0x00000000df600000)
  from space 10752K, 0% used [0x00000000e1400000,0x00000000e1400000,0x00000000e1e80000)
  to   space 11776K, 0% used [0x00000000e0780000,0x00000000e0780000,0x00000000e1300000)
 ParOldGen       total 76800K, used 22496K [0x0000000081600000, 0x0000000086100000, 0x00000000d5d00000)
  object space 76800K, 29% used [0x0000000081600000,0x0000000082bf8298,0x0000000086100000)
 Metaspace       used 44631K, capacity 46852K, committed 47104K, reserved 1089536K
  class space    used 6172K, capacity 6601K, committed 6656K, reserved 1048576K
GC Heap History (10 events):
Event: 8.642 GC heap before
{Heap before GC invocations=9 (full 1):
 PSYoungGen      total 76288K, used 74083K [0x00000000d5d00000, 0x00000000de580000, 0x0000000100000000)
  eden space 66560K, 100% used [0x00000000d5d00000,0x00000000d9e00000,0x00000000d9e00000)
  from space 9728K, 77% used [0x00000000d9e00000,0x00000000da558d68,0x00000000da780000)
  to   space 9728K, 0% used [0x00000000ddc00000,0x00000000ddc00000,0x00000000de580000)
 ParOldGen       total 49664K, used 6433K [0x0000000081600000, 0x0000000084680000, 0x00000000d5d00000)
  object space 49664K, 12% used [0x0000000081600000,0x0000000081c48668,0x0000000084680000)
 Metaspace       used 27055K, capacity 28948K, committed 29184K, reserved 1075200K
  class space    used 3688K, capacity 4048K, committed 4096K, reserved 1048576K
Event: 8.656 GC heap after
Heap after GC invocations=9 (full 1):
 PSYoungGen      total 129024K, used 6468K [0x00000000d5d00000, 0x00000000de480000, 0x0000000100000000)
  eden space 120320K, 0% used [0x00000000d5d00000,0x00000000d5d00000,0x00000000dd280000)
  from space 8704K, 74% used [0x00000000ddc00000,0x00000000de251108,0x00000000de480000)
  to   space 9216K, 0% used [0x00000000dd280000,0x00000000dd280000,0x00000000ddb80000)
 ParOldGen       total 49664K, used 6441K [0x0000000081600000, 0x0000000084680000, 0x00000000d5d00000)
  object space 49664K, 12% used [0x0000000081600000,0x0000000081c4a668,0x0000000084680000)
 Metaspace       used 27055K, capacity 28948K, committed 29184K, reserved 1075200K
  class space    used 3688K, capacity 4048K, committed 4096K, reserved 1048576K
}
Event: 9.839 GC heap before
{Heap before GC invocations=10 (full 1):
 PSYoungGen      total 129024K, used 79042K [0x00000000d5d00000, 0x00000000de480000, 0x0000000100000000)
  eden space 120320K, 60% used [0x00000000d5d00000,0x00000000da3df838,0x00000000dd280000)
  from space 8704K, 74% used [0x00000000ddc00000,0x00000000de251108,0x00000000de480000)
  to   space 9216K, 0% used [0x00000000dd280000,0x00000000dd280000,0x00000000ddb80000)
 ParOldGen       total 49664K, used 6441K [0x0000000081600000, 0x0000000084680000, 0x00000000d5d00000)
  object space 49664K, 12% used [0x0000000081600000,0x0000000081c4a668,0x0000000084680000)
 Metaspace       used 33304K, capacity 35294K, committed 35496K, reserved 1079296K
  class space    used 4381K, capacity 4745K, committed 4864K, reserved 1048576K
Event: 9.855 GC heap after
Heap after GC invocations=10 (full 1):
 PSYoungGen      total 129536K, used 9186K [0x00000000d5d00000, 0x00000000e1e80000, 0x0000000100000000)
  eden space 120320K, 0% used [0x00000000d5d00000,0x00000000d5d00000,0x00000000dd280000)
  from space 9216K, 99% used [0x00000000dd280000,0x00000000ddb78988,0x00000000ddb80000)
  to   space 10752K, 0% used [0x00000000e1400000,0x00000000e1400000,0x00000000e1e80000)
 ParOldGen       total 49664K, used 8007K [0x0000000081600000, 0x0000000084680000, 0x00000000d5d00000)
  object space 49664K, 16% used [0x0000000081600000,0x0000000081dd1ea0,0x0000000084680000)
 Metaspace       used 33304K, capacity 35294K, committed 35496K, reserved 1079296K
  class space    used 4381K, capacity 4745K, committed 4864K, reserved 1048576K
}
Event: 9.855 GC heap before
{Heap before GC invocations=11 (full 2):
 PSYoungGen      total 129536K, used 9186K [0x00000000d5d00000, 0x00000000e1e80000, 0x0000000100000000)
  eden space 120320K, 0% used [0x00000000d5d00000,0x00000000d5d00000,0x00000000dd280000)
  from space 9216K, 99% used [0x00000000dd280000,0x00000000ddb78988,0x00000000ddb80000)
  to   space 10752K, 0% used [0x00000000e1400000,0x00000000e1400000,0x00000000e1e80000)
 ParOldGen       total 49664K, used 8007K [0x0000000081600000, 0x0000000084680000, 0x00000000d5d00000)
  object space 49664K, 16% used [0x0000000081600000,0x0000000081dd1ea0,0x0000000084680000)
 Metaspace       used 33304K, capacity 35294K, committed 35496K, reserved 1079296K
  class space    used 4381K, capacity 4745K, committed 4864K, reserved 1048576K
Event: 9.978 GC heap after
Heap after GC invocations=11 (full 2):
 PSYoungGen      total 129536K, used 0K [0x00000000d5d00000, 0x00000000e1e80000, 0x0000000100000000)
  eden space 120320K, 0% used [0x00000000d5d00000,0x00000000d5d00000,0x00000000dd280000)
  from space 9216K, 0% used [0x00000000dd280000,0x00000000dd280000,0x00000000ddb80000)
  to   space 10752K, 0% used [0x00000000e1400000,0x00000000e1400000,0x00000000e1e80000)
 ParOldGen       total 76800K, used 16351K [0x0000000081600000, 0x0000000086100000, 0x00000000d5d00000)
  object space 76800K, 21% used [0x0000000081600000,0x00000000825f7e30,0x0000000086100000)
 Metaspace       used 33304K, capacity 35294K, committed 35496K, reserved 1079296K
  class space    used 4381K, capacity 4745K, committed 4864K, reserved 1048576K
}
Event: 11.908 GC heap before
{Heap before GC invocations=12 (full 2):
 PSYoungGen      total 129536K, used 109110K [0x00000000d5d00000, 0x00000000e1e80000, 0x0000000100000000)
  eden space 120320K, 90% used [0x00000000d5d00000,0x00000000dc78d860,0x00000000dd280000)
  from space 9216K, 0% used [0x00000000dd280000,0x00000000dd280000,0x00000000ddb80000)
  to   space 10752K, 0% used [0x00000000e1400000,0x00000000e1400000,0x00000000e1e80000)
 ParOldGen       total 76800K, used 16351K [0x0000000081600000, 0x0000000086100000, 0x00000000d5d00000)
  object space 76800K, 21% used [0x0000000081600000,0x00000000825f7e30,0x0000000086100000)
 Metaspace       used 43328K, capacity 45524K, committed 45824K, reserved 1089536K
  class space    used 5966K, capacity 6373K, committed 6400K, reserved 1048576K
Event: 11.923 GC heap after
Heap after GC invocations=12 (full 2):
 PSYoungGen      total 167424K, used 10540K [0x00000000d5d00000, 0x00000000e1e80000, 0x0000000100000000)
  eden space 156672K, 0% used [0x00000000d5d00000,0x00000000d5d00000,0x00000000df600000)
  from space 10752K, 98% used [0x00000000e1400000,0x00000000e1e4b3e8,0x00000000e1e80000)
  to   space 11776K, 0% used [0x00000000e0780000,0x00000000e0780000,0x00000000e1300000)
 ParOldGen       total 76800K, used 16359K [0x0000000081600000, 0x0000000086100000, 0x00000000d5d00000)
  object space 76800K, 21% used [0x0000000081600000,0x00000000825f9e30,0x0000000086100000)
 Metaspace       used 43328K, capacity 45524K, committed 45824K, reserved 1089536K
  class space    used 5966K, capacity 6373K, committed 6400K, reserved 1048576K
}
Event: 11.923 GC heap before
{Heap before GC invocations=13 (full 3):
 PSYoungGen      total 167424K, used 10540K [0x00000000d5d00000, 0x00000000e1e80000, 0x0000000100000000)
  eden space 156672K, 0% used [0x00000000d5d00000,0x00000000d5d00000,0x00000000df600000)
  from space 10752K, 98% used [0x00000000e1400000,0x00000000e1e4b3e8,0x00000000e1e80000)
  to   space 11776K, 0% used [0x00000000e0780000,0x00000000e0780000,0x00000000e1300000)
 ParOldGen       total 76800K, used 16359K [0x0000000081600000, 0x0000000086100000, 0x00000000d5d00000)
  object space 76800K, 21% used [0x0000000081600000,0x00000000825f9e30,0x0000000086100000)
 Metaspace       used 43328K, capacity 45524K, committed 45824K, reserved 1089536K
  class space    used 5966K, capacity 6373K, committed 6400K, reserved 1048576K
Event: 12.055 GC heap after
Heap after GC invocations=13 (full 3):
 PSYoungGen      total 167424K, used 0K [0x00000000d5d00000, 0x00000000e1e80000, 0x0000000100000000)
  eden space 156672K, 0% used [0x00000000d5d00000,0x00000000d5d00000,0x00000000df600000)
  from space 10752K, 0% used [0x00000000e1400000,0x00000000e1400000,0x00000000e1e80000)
  to   space 11776K, 0% used [0x00000000e0780000,0x00000000e0780000,0x00000000e1300000)
 ParOldGen       total 76800K, used 22496K [0x0000000081600000, 0x0000000086100000, 0x00000000d5d00000)
  object space 76800K, 29% used [0x0000000081600000,0x0000000082bf8298,0x0000000086100000)
 Metaspace       used 43328K, capacity 45524K, committed 45824K, reserved 1089536K
  class space    used 5966K, capacity 6373K, committed 6400K, reserved 1048576K
}

