# JRE version: Java(TM) SE Runtime Environment (8.0_231-b11) (build 1.8.0_231-b11)
# Java VM: Java HotSpot(TM) 64-Bit Server VM (25.231-b11 mixed mode windows-amd64 compressed oops)
Heap:
 PSYoungGen      total 131584K, used 70710K [0x00000000d5d00000, 0x00000000de800000, 0x0000000100000000)
  eden space 123904K, 52% used [0x00000000d5d00000,0x00000000d9bf2800,0x00000000dd600000)
  from space 7680K, 81% used [0x00000000de080000,0x00000000de69b3e0,0x00000000de800000)
  to   space 9216K, 0% used [0x00000000dd600000,0x00000000dd600000,0x00000000ddf00000)
 ParOldGen       total 47616K, used 6375K [0x0000000081600000, 0x0000000084480000, 0x00000000d5d00000)
  object space 47616K, 13% used [0x0000000081600000,0x0000000081c39f48,0x0000000084480000)
 Metaspace       used 32084K, capacity 34037K, committed 34432K, reserved 1079296K
  class space    used 4235K, capacity 4611K, committed 4736K, reserved 1048576K
GC Heap History (10 events):
Event: 8.119 GC heap before
{Heap before GC invocations=5 (full 0):
 PSYoungGen      total 38400K, used 38373K [0x00000000d5d00000, 0x00000000da800000, 0x0000000100000000)
  eden space 33280K, 100% used [0x00000000d5d00000,0x00000000d7d80000,0x00000000d7d80000)
  from space 5120K, 99% used [0x00000000d8280000,0x00000000d8779448,0x00000000d8780000)
  to   space 5120K, 0% used [0x00000000d7d80000,0x00000000d7d80000,0x00000000d8280000)
 ParOldGen       total 87552K, used 4327K [0x0000000081600000, 0x0000000086b80000, 0x00000000d5d00000)
  object space 87552K, 4% used [0x0000000081600000,0x0000000081a39d50,0x0000000086b80000)
 Metaspace       used 20072K, capacity 21088K, committed 21120K, reserved 1067008K
  class space    used 2669K, capacity 2936K, committed 2944K, reserved 1048576K
Event: 8.145 GC heap after
Heap after GC invocations=5 (full 0):
 PSYoungGen      total 38400K, used 5118K [0x00000000d5d00000, 0x00000000db100000, 0x0000000100000000)
  eden space 33280K, 0% used [0x00000000d5d00000,0x00000000d5d00000,0x00000000d7d80000)
  from space 5120K, 99% used [0x00000000d7d80000,0x00000000d827fae0,0x00000000d8280000)
  to   space 9728K, 0% used [0x00000000da780000,0x00000000da780000,0x00000000db100000)
 ParOldGen       total 87552K, used 7431K [0x0000000081600000, 0x0000000086b80000, 0x00000000d5d00000)
  object space 87552K, 8% used [0x0000000081600000,0x0000000081d41e50,0x0000000086b80000)
 Metaspace       used 20072K, capacity 21088K, committed 21120K, reserved 1067008K
  class space    used 2669K, capacity 2936K, committed 2944K, reserved 1048576K
}
Event: 8.258 GC heap before
{Heap before GC invocations=6 (full 0):
 PSYoungGen      total 38400K, used 10468K [0x00000000d5d00000, 0x00000000db100000, 0x0000000100000000)
  eden space 33280K, 16% used [0x00000000d5d00000,0x00000000d6239538,0x00000000d7d80000)
  from space 5120K, 99% used [0x00000000d7d80000,0x00000000d827fae0,0x00000000d8280000)
  to   space 9728K, 0% used [0x00000000da780000,0x00000000da780000,0x00000000db100000)
 ParOldGen       total 87552K, used 7431K [0x0000000081600000, 0x0000000086b80000, 0x00000000d5d00000)
  object space 87552K, 8% used [0x0000000081600000,0x0000000081d41e50,0x0000000086b80000)
 Metaspace       used 20137K, capacity 21177K, committed 21296K, reserved 1067008K
  class space    used 2684K, capacity 2944K, committed 2944K, reserved 1048576K
Event: 8.288 GC heap after
Heap after GC invocations=6 (full 0):
 PSYoungGen      total 75264K, used 5582K [0x00000000d5d00000, 0x00000000db000000, 0x0000000100000000)
  eden space 66560K, 0% used [0x00000000d5d00000,0x00000000d5d00000,0x00000000d9e00000)
  from space 8704K, 64% used [0x00000000da780000,0x00000000dacf3ab0,0x00000000db000000)
  to   space 9216K, 0% used [0x00000000d9e00000,0x00000000d9e00000,0x00000000da700000)
 ParOldGen       total 87552K, used 7439K [0x0000000081600000, 0x0000000086b80000, 0x00000000d5d00000)
  object space 87552K, 8% used [0x0000000081600000,0x0000000081d43e50,0x0000000086b80000)
 Metaspace       used 20137K, capacity 21177K, committed 21296K, reserved 1067008K
  class space    used 2684K, capacity 2944K, committed 2944K, reserved 1048576K
}
Event: 8.288 GC heap before
{Heap before GC invocations=7 (full 1):
 PSYoungGen      total 75264K, used 5582K [0x00000000d5d00000, 0x00000000db000000, 0x0000000100000000)
  eden space 66560K, 0% used [0x00000000d5d00000,0x00000000d5d00000,0x00000000d9e00000)
  from space 8704K, 64% used [0x00000000da780000,0x00000000dacf3ab0,0x00000000db000000)
  to   space 9216K, 0% used [0x00000000d9e00000,0x00000000d9e00000,0x00000000da700000)
 ParOldGen       total 87552K, used 7439K [0x0000000081600000, 0x0000000086b80000, 0x00000000d5d00000)
  object space 87552K, 8% used [0x0000000081600000,0x0000000081d43e50,0x0000000086b80000)
 Metaspace       used 20137K, capacity 21177K, committed 21296K, reserved 1067008K
  class space    used 2684K, capacity 2944K, committed 2944K, reserved 1048576K
Event: 8.349 GC heap after
Heap after GC invocations=7 (full 1):
 PSYoungGen      total 75264K, used 0K [0x00000000d5d00000, 0x00000000db000000, 0x0000000100000000)
  eden space 66560K, 0% used [0x00000000d5d00000,0x00000000d5d00000,0x00000000d9e00000)
  from space 8704K, 0% used [0x00000000da780000,0x00000000da780000,0x00000000db000000)
  to   space 9216K, 0% used [0x00000000d9e00000,0x00000000d9e00000,0x00000000da700000)
 ParOldGen       total 47616K, used 6359K [0x0000000081600000, 0x0000000084480000, 0x00000000d5d00000)
  object space 47616K, 13% used [0x0000000081600000,0x0000000081c35f48,0x0000000084480000)
 Metaspace       used 20137K, capacity 21177K, committed 21296K, reserved 1067008K
  class space    used 2684K, capacity 2944K, committed 2944K, reserved 1048576K
}
Event: 11.480 GC heap before
{Heap before GC invocations=8 (full 1):
 PSYoungGen      total 75264K, used 66560K [0x00000000d5d00000, 0x00000000db000000, 0x0000000100000000)
  eden space 66560K, 100% used [0x00000000d5d00000,0x00000000d9e00000,0x00000000d9e00000)
  from space 8704K, 0% used [0x00000000da780000,0x00000000da780000,0x00000000db000000)
  to   space 9216K, 0% used [0x00000000d9e00000,0x00000000d9e00000,0x00000000da700000)
 ParOldGen       total 47616K, used 6359K [0x0000000081600000, 0x0000000084480000, 0x00000000d5d00000)
  object space 47616K, 13% used [0x0000000081600000,0x0000000081c35f48,0x0000000084480000)
 Metaspace       used 24863K, capacity 26663K, committed 26880K, reserved 1073152K
  class space    used 3458K, capacity 3810K, committed 3840K, reserved 1048576K
Event: 11.505 GC heap after
Heap after GC invocations=8 (full 1):
 PSYoungGen      total 75776K, used 7355K [0x00000000d5d00000, 0x00000000de980000, 0x0000000100000000)
  eden space 66560K, 0% used [0x00000000d5d00000,0x00000000d5d00000,0x00000000d9e00000)
  from space 9216K, 79% used [0x00000000d9e00000,0x00000000da52edc0,0x00000000da700000)
  to   space 9216K, 0% used [0x00000000de080000,0x00000000de080000,0x00000000de980000)
 ParOldGen       total 47616K, used 6367K [0x0000000081600000, 0x0000000084480000, 0x00000000d5d00000)
  object space 47616K, 13% used [0x0000000081600000,0x0000000081c37f48,0x0000000084480000)
 Metaspace       used 24863K, capacity 26663K, committed 26880K, reserved 1073152K
  class space    used 3458K, capacity 3810K, committed 3840K, reserved 1048576K
}
Event: 12.510 GC heap before
{Heap before GC invocations=9 (full 1):
 PSYoungGen      total 75776K, used 73915K [0x00000000d5d00000, 0x00000000de980000, 0x0000000100000000)
  eden space 66560K, 100% used [0x00000000d5d00000,0x00000000d9e00000,0x00000000d9e00000)
  from space 9216K, 79% used [0x00000000d9e00000,0x00000000da52edc0,0x00000000da700000)
  to   space 9216K, 0% used [0x00000000de080000,0x00000000de080000,0x00000000de980000)
 ParOldGen       total 47616K, used 6367K [0x0000000081600000, 0x0000000084480000, 0x00000000d5d00000)
  object space 47616K, 13% used [0x0000000081600000,0x0000000081c37f48,0x0000000084480000)
 Metaspace       used 27037K, capacity 28885K, committed 29184K, reserved 1075200K
  class space    used 3690K, capacity 4049K, committed 4096K, reserved 1048576K
Event: 12.530 GC heap after
Heap after GC invocations=9 (full 1):
 PSYoungGen      total 131584K, used 6252K [0x00000000d5d00000, 0x00000000de800000, 0x0000000100000000)
  eden space 123904K, 0% used [0x00000000d5d00000,0x00000000d5d00000,0x00000000dd600000)
  from space 7680K, 81% used [0x00000000de080000,0x00000000de69b3e0,0x00000000de800000)
  to   space 9216K, 0% used [0x00000000dd600000,0x00000000dd600000,0x00000000ddf00000)
 ParOldGen       total 47616K, used 6375K [0x0000000081600000, 0x0000000084480000, 0x00000000d5d00000)
  object space 47616K, 13% used [0x0000000081600000,0x0000000081c39f48,0x0000000084480000)
 Metaspace       used 27037K, capacity 28885K, committed 29184K, reserved 1075200K
  class space    used 3690K, capacity 4049K, committed 4096K, reserved 1048576K
}

